<?xml version="1.0" encoding="UTF-8"?>
<!-- Generated by org.testng.reporters.JUnitXMLReporter -->
<testsuite ignored="0" hostname="DESKTOP-C3NQIVL" failures="0" tests="4" name="Test" time="20.76" errors="0" timestamp="2023-04-06T14:42:58 IST">
  <testcase classname="gorestapichaining.CreateUser" name="testcreateuser" time="13.836"/>
  <testcase classname="gorestapichaining.GetUser" name="testgetuser" time="1.468"/>
  <testcase classname="gorestapichaining.UpdateUser" name="testupdateuser" time="4.145"/>
  <testcase classname="gorestapichaining.DeleteUser" name="deleteuser" time="0.976"/>
</testsuite> <!-- Test -->
