<?xml version="1.0" encoding="UTF-8"?>
<testng-results ignored="0" total="4" passed="4" failed="0" skipped="0">
  <reporter-output>
  </reporter-output>
  <suite started-at="2023-04-06T14:42:37 IST" name="Suite" finished-at="2023-04-06T14:42:58 IST" duration-ms="20760">
    <groups>
    </groups>
    <test started-at="2023-04-06T14:42:37 IST" name="Test" finished-at="2023-04-06T14:42:58 IST" duration-ms="20760">
      <class name="gorestapichaining.DeleteUser">
        <test-method signature="deleteuser(org.testng.ITestContext)[pri:0, instance:gorestapichaining.DeleteUser@2805d709]" started-at="2023-04-06T14:42:57 IST" name="deleteuser" finished-at="2023-04-06T14:42:58 IST" duration-ms="976" status="PASS">
          <params>
            <param index="0">
              <value>
                <![CDATA[org.testng.TestRunner@4007f65e]]>
              </value>
            </param>
          </params>
          <reporter-output>
          </reporter-output>
        </test-method> <!-- deleteuser -->
      </class> <!-- gorestapichaining.DeleteUser -->
      <class name="gorestapichaining.CreateUser">
        <test-method signature="testcreateuser(org.testng.ITestContext)[pri:0, instance:gorestapichaining.CreateUser@7bd4937b]" started-at="2023-04-06T14:42:37 IST" name="testcreateuser" finished-at="2023-04-06T14:42:51 IST" duration-ms="13836" status="PASS">
          <params>
            <param index="0">
              <value>
                <![CDATA[org.testng.TestRunner@4007f65e]]>
              </value>
            </param>
          </params>
          <reporter-output>
          </reporter-output>
        </test-method> <!-- testcreateuser -->
      </class> <!-- gorestapichaining.CreateUser -->
      <class name="gorestapichaining.UpdateUser">
        <test-method signature="testupdateuser(org.testng.ITestContext)[pri:0, instance:gorestapichaining.UpdateUser@6e0f5f7f]" started-at="2023-04-06T14:42:53 IST" name="testupdateuser" finished-at="2023-04-06T14:42:57 IST" duration-ms="4145" status="PASS">
          <params>
            <param index="0">
              <value>
                <![CDATA[org.testng.TestRunner@4007f65e]]>
              </value>
            </param>
          </params>
          <reporter-output>
          </reporter-output>
        </test-method> <!-- testupdateuser -->
      </class> <!-- gorestapichaining.UpdateUser -->
      <class name="gorestapichaining.GetUser">
        <test-method signature="testgetuser(org.testng.ITestContext)[pri:0, instance:gorestapichaining.GetUser@434a63ab]" started-at="2023-04-06T14:42:51 IST" name="testgetuser" finished-at="2023-04-06T14:42:52 IST" duration-ms="1468" status="PASS">
          <params>
            <param index="0">
              <value>
                <![CDATA[org.testng.TestRunner@4007f65e]]>
              </value>
            </param>
          </params>
          <reporter-output>
          </reporter-output>
        </test-method> <!-- testgetuser -->
      </class> <!-- gorestapichaining.GetUser -->
    </test> <!-- Test -->
  </suite> <!-- Suite -->
</testng-results>
